<?xml version="1.0" encoding="UTF-8"?>
<testsuite name="threesolid.TestManager" tests="1" skipped="0" failures="0" errors="0" timestamp="2018-10-27T01:30:27" hostname="Levi-PC" time="0.027">
  <properties/>
  <testcase name="testManager()" classname="threesolid.TestManager" time="0.027"/>
  <system-out><![CDATA[]]></system-out>
  <system-err><![CDATA[]]></system-err>
</testsuite>
