<?xml version="1.0" encoding="UTF-8"?>
<testsuite name="threesolid.TestWorker" tests="1" skipped="0" failures="0" errors="0" timestamp="2018-10-23T23:14:43" hostname="LAPTOP-VAG4O8D3" time="0.022">
  <properties/>
  <testcase name="testWorker()" classname="threesolid.TestWorker" time="0.022"/>
  <system-out><![CDATA[]]></system-out>
  <system-err><![CDATA[]]></system-err>
</testsuite>
