<?xml version="1.0" encoding="UTF-8"?>
<testsuite name="threesolid.TestWorker" tests="1" skipped="0" failures="0" errors="0" timestamp="2018-10-25T23:01:53" hostname="Levi-PC" time="0.028">
  <properties/>
  <testcase name="testWorker()" classname="threesolid.TestWorker" time="0.028"/>
  <system-out><![CDATA[]]></system-out>
  <system-err><![CDATA[]]></system-err>
</testsuite>
