<?xml version="1.0" encoding="UTF-8"?>
<testsuite name="threesolid.TestWorker" tests="2" skipped="0" failures="0" errors="0" timestamp="2018-10-27T01:54:43" hostname="Levi-PC" time="0.006">
  <properties/>
  <testcase name="test2w()" classname="threesolid.TestWorker" time="0.002"/>
  <testcase name="testWorker()" classname="threesolid.TestWorker" time="0.001"/>
  <system-out><![CDATA[]]></system-out>
  <system-err><![CDATA[]]></system-err>
</testsuite>
