<?xml version="1.0" encoding="UTF-8"?>
<testsuite name="threesolid.TestRobot" tests="1" skipped="0" failures="0" errors="0" timestamp="2018-10-28T02:13:23" hostname="LAPTOP-VAG4O8D3" time="0.017">
  <properties/>
  <testcase name="testRobot()" classname="threesolid.TestRobot" time="0.017"/>
  <system-out><![CDATA[]]></system-out>
  <system-err><![CDATA[]]></system-err>
</testsuite>
