<?xml version="1.0" encoding="UTF-8"?>
<testsuite name="threesolid.TestWorker" tests="1" skipped="0" failures="0" errors="0" timestamp="2018-10-26T18:26:52" hostname="Levi-PC" time="0.002">
  <properties/>
  <testcase name="testWorker()" classname="threesolid.TestWorker" time="0.002"/>
  <system-out><![CDATA[]]></system-out>
  <system-err><![CDATA[]]></system-err>
</testsuite>
