<?xml version="1.0" encoding="UTF-8"?>
<testsuite name="threesolid.newtestLTS25TestManagerPass" tests="1" skipped="0" failures="0" errors="0" timestamp="2018-10-27T01:54:43" hostname="Levi-PC" time="0.025">
  <properties/>
  <testcase name="testManager()" classname="threesolid.newtestLTS25TestManagerPass" time="0.025"/>
  <system-out><![CDATA[]]></system-out>
  <system-err><![CDATA[]]></system-err>
</testsuite>
